2020-06-18 09:42:38.564  INFO 2420 --- [restartedMain] c.e.s.DemoApplication                    : Starting DemoApplication on FSPC8071473 with PID 2420 (D:\work\springbootmybatisplus\target\classes started by chengkang.bao in D:\work\springbootmybatisplus)
2020-06-18 09:42:38.565  INFO 2420 --- [restartedMain] c.e.s.DemoApplication                    : No active profile set, falling back to default profiles: default
2020-06-18 09:42:38.732  INFO 2420 --- [restartedMain] .s.d.r.c.RepositoryConfigurationDelegate : Multiple Spring Data modules found, entering strict repository configuration mode!
2020-06-18 09:42:38.732  INFO 2420 --- [restartedMain] .s.d.r.c.RepositoryConfigurationDelegate : Bootstrapping Spring Data Redis repositories in DEFAULT mode.
2020-06-18 09:42:38.738  INFO 2420 --- [restartedMain] .s.d.r.c.RepositoryConfigurationDelegate : Finished Spring Data repository scanning in 5ms. Found 0 Redis repository interfaces.
2020-06-18 09:42:38.781  INFO 2420 --- [restartedMain] trationDelegate$BeanPostProcessorChecker : Bean 'redisConfig' of type [com.example.springbootmybatisplus.config.RedisConfig$$EnhancerBySpringCGLIB$$b31e5185] is not eligible for getting processed by all BeanPostProcessors (for example: not eligible for auto-proxying)
2020-06-18 09:42:38.860  INFO 2420 --- [restartedMain] o.s.b.w.embedded.tomcat.TomcatWebServer  : Tomcat initialized with port(s): 7453 (http)
2020-06-18 09:42:38.861  INFO 2420 --- [restartedMain] o.apache.catalina.core.StandardService   : Starting service [Tomcat]
2020-06-18 09:42:38.862  INFO 2420 --- [restartedMain] org.apache.catalina.core.StandardEngine  : Starting Servlet engine: [Apache Tomcat/9.0.36]
2020-06-18 09:42:38.867  INFO 2420 --- [restartedMain] o.a.c.c.C.[Tomcat].[localhost].[/]       : Initializing Spring embedded WebApplicationContext
2020-06-18 09:42:38.867  INFO 2420 --- [restartedMain] o.s.web.context.ContextLoader            : Root WebApplicationContext: initialization completed in 300 ms
2020-06-18 09:42:38.927  INFO 2420 --- [restartedMain] c.a.d.s.b.a.DruidDataSourceAutoConfigure : Init DruidDataSource
2020-06-18 09:42:38.962  INFO 2420 --- [restartedMain] com.alibaba.druid.pool.DruidDataSource   : {dataSource-10} inited
2020-06-18 09:42:38.986  WARN 2420 --- [restartedMain] c.b.m.core.metadata.TableInfoHelper      : Can not find table primary key in Class: "com.example.springbootmybatisplus.entity.User".
2020-06-18 09:42:39.281  INFO 2420 --- [restartedMain] o.s.s.concurrent.ThreadPoolTaskExecutor  : Initializing ExecutorService 'applicationTaskExecutor'
2020-06-18 09:42:39.380  INFO 2420 --- [restartedMain] o.s.b.d.a.OptionalLiveReloadServer       : LiveReload server is running on port 35729
2020-06-18 09:42:39.400  INFO 2420 --- [restartedMain] o.s.b.w.embedded.tomcat.TomcatWebServer  : Tomcat started on port(s): 7453 (http) with context path ''
2020-06-18 09:42:39.400  INFO 2420 --- [restartedMain] c.e.s.DemoApplication                    : Started DemoApplication in 0.872 seconds (JVM running for 2978.717)
2020-06-18 09:42:39.402  INFO 2420 --- [restartedMain] .ConditionEvaluationDeltaLoggingListener : Condition evaluation unchanged
2020-06-18 09:42:41.993  INFO 2420 --- [http-nio-7453-exec-2] o.a.c.c.C.[Tomcat].[localhost].[/]       : Initializing Spring DispatcherServlet 'dispatcherServlet'
2020-06-18 09:42:41.994  INFO 2420 --- [http-nio-7453-exec-2] o.s.web.servlet.DispatcherServlet        : Initializing Servlet 'dispatcherServlet'
2020-06-18 09:42:41.999  INFO 2420 --- [http-nio-7453-exec-2] o.s.web.servlet.DispatcherServlet        : Completed initialization in 5 ms
2020-06-18 09:43:08.854  INFO 2420 --- [Thread-58] o.s.s.concurrent.ThreadPoolTaskExecutor  : Shutting down ExecutorService 'applicationTaskExecutor'
2020-06-18 09:43:08.855  INFO 2420 --- [Thread-58] com.alibaba.druid.pool.DruidDataSource   : {dataSource-10} closing ...
2020-06-18 09:43:08.858  INFO 2420 --- [Thread-58] com.alibaba.druid.pool.DruidDataSource   : {dataSource-10} closed
2020-06-18 09:43:09.144  INFO 2420 --- [restartedMain] c.e.s.DemoApplication                    : Starting DemoApplication on FSPC8071473 with PID 2420 (D:\work\springbootmybatisplus\target\classes started by chengkang.bao in D:\work\springbootmybatisplus)
2020-06-18 09:43:09.145  INFO 2420 --- [restartedMain] c.e.s.DemoApplication                    : No active profile set, falling back to default profiles: default
2020-06-18 09:43:09.314  INFO 2420 --- [restartedMain] .s.d.r.c.RepositoryConfigurationDelegate : Multiple Spring Data modules found, entering strict repository configuration mode!
2020-06-18 09:43:09.315  INFO 2420 --- [restartedMain] .s.d.r.c.RepositoryConfigurationDelegate : Bootstrapping Spring Data Redis repositories in DEFAULT mode.
2020-06-18 09:43:09.321  INFO 2420 --- [restartedMain] .s.d.r.c.RepositoryConfigurationDelegate : Finished Spring Data repository scanning in 6ms. Found 0 Redis repository interfaces.
2020-06-18 09:43:09.360  INFO 2420 --- [restartedMain] trationDelegate$BeanPostProcessorChecker : Bean 'redisConfig' of type [com.example.springbootmybatisplus.config.RedisConfig$$EnhancerBySpringCGLIB$$b31e5185] is not eligible for getting processed by all BeanPostProcessors (for example: not eligible for auto-proxying)
2020-06-18 09:43:09.429  INFO 2420 --- [restartedMain] o.s.b.w.embedded.tomcat.TomcatWebServer  : Tomcat initialized with port(s): 7453 (http)
2020-06-18 09:43:09.430  INFO 2420 --- [restartedMain] o.apache.catalina.core.StandardService   : Starting service [Tomcat]
2020-06-18 09:43:09.431  INFO 2420 --- [restartedMain] org.apache.catalina.core.StandardEngine  : Starting Servlet engine: [Apache Tomcat/9.0.36]
2020-06-18 09:43:09.435  INFO 2420 --- [restartedMain] o.a.c.c.C.[Tomcat].[localhost].[/]       : Initializing Spring embedded WebApplicationContext
2020-06-18 09:43:09.436  INFO 2420 --- [restartedMain] o.s.web.context.ContextLoader            : Root WebApplicationContext: initialization completed in 289 ms
2020-06-18 09:43:09.482  INFO 2420 --- [restartedMain] c.a.d.s.b.a.DruidDataSourceAutoConfigure : Init DruidDataSource
2020-06-18 09:43:09.517  INFO 2420 --- [restartedMain] com.alibaba.druid.pool.DruidDataSource   : {dataSource-11} inited
2020-06-18 09:43:09.544  WARN 2420 --- [restartedMain] c.b.m.core.metadata.TableInfoHelper      : Can not find table primary key in Class: "com.example.springbootmybatisplus.entity.User".
2020-06-18 09:43:09.818  INFO 2420 --- [restartedMain] o.s.s.concurrent.ThreadPoolTaskExecutor  : Initializing ExecutorService 'applicationTaskExecutor'
2020-06-18 09:43:09.904  INFO 2420 --- [restartedMain] o.s.b.d.a.OptionalLiveReloadServer       : LiveReload server is running on port 35729
2020-06-18 09:43:09.923  INFO 2420 --- [restartedMain] o.s.b.w.embedded.tomcat.TomcatWebServer  : Tomcat started on port(s): 7453 (http) with context path ''
2020-06-18 09:43:09.924  INFO 2420 --- [restartedMain] c.e.s.DemoApplication                    : Started DemoApplication in 0.808 seconds (JVM running for 3009.24)
2020-06-18 09:43:09.926  INFO 2420 --- [restartedMain] .ConditionEvaluationDeltaLoggingListener : Condition evaluation unchanged
2020-06-18 09:43:12.395  INFO 2420 --- [http-nio-7453-exec-1] o.a.c.c.C.[Tomcat].[localhost].[/]       : Initializing Spring DispatcherServlet 'dispatcherServlet'
2020-06-18 09:43:12.395  INFO 2420 --- [http-nio-7453-exec-1] o.s.web.servlet.DispatcherServlet        : Initializing Servlet 'dispatcherServlet'
2020-06-18 09:43:12.400  INFO 2420 --- [http-nio-7453-exec-1] o.s.web.servlet.DispatcherServlet        : Completed initialization in 4 ms
2020-06-18 09:43:27.349  INFO 2420 --- [Thread-64] o.s.s.concurrent.ThreadPoolTaskExecutor  : Shutting down ExecutorService 'applicationTaskExecutor'
2020-06-18 09:43:27.350  INFO 2420 --- [Thread-64] com.alibaba.druid.pool.DruidDataSource   : {dataSource-11} closing ...
2020-06-18 09:43:27.352  INFO 2420 --- [Thread-64] com.alibaba.druid.pool.DruidDataSource   : {dataSource-11} closed
